[0.008s] Invoking command in '/home/d30031852276/wh134_dev/realsense/dros/foundationpose_service/build/foundationpose_service': CMAKE_PREFIX_PATH=${CMAKE_PREFIX_PATH}:/opt/ros/humble /usr/bin/cmake /home/d30031852276/wh134_dev/realsense/dros/foundationpose_service -DCMAKE_INSTALL_PREFIX=/home/d30031852276/wh134_dev/realsense/dros/foundationpose_service/install/foundationpose_service
[0.075s] -- The C compiler identification is GNU 11.4.0
[0.127s] -- The CXX compiler identification is GNU 11.4.0
[0.133s] -- Detecting C compiler ABI info
[0.208s] -- Detecting C compiler ABI info - done
[0.214s] -- Check for working C compiler: /usr/bin/cc - skipped
[0.214s] -- Detecting C compile features
[0.215s] -- Detecting C compile features - done
[0.217s] -- Detecting CXX compiler ABI info
[0.300s] -- Detecting CXX compiler ABI info - done
[0.306s] -- Check for working CXX compiler: /usr/bin/c++ - skipped
[0.306s] -- Detecting CXX compile features
[0.307s] -- Detecting CXX compile features - done
[0.308s] -- Found ament_cmake: 1.3.11 (/opt/ros/humble/share/ament_cmake/cmake)
[0.433s] -- Found Python3: /usr/bin/python3 (found version "3.10.12") found components: Interpreter 
[0.498s] -- Found rclcpp: 16.0.12 (/opt/ros/humble/share/rclcpp/cmake)
[0.528s] -- Found rosidl_generator_c: 3.1.6 (/opt/ros/humble/share/rosidl_generator_c/cmake)
[0.531s] -- Found rosidl_adapter: 3.1.6 (/opt/ros/humble/share/rosidl_adapter/cmake)
[0.537s] -- Found rosidl_generator_cpp: 3.1.6 (/opt/ros/humble/share/rosidl_generator_cpp/cmake)
[0.546s] -- Using all available rosidl_typesupport_c: rosidl_typesupport_fastrtps_c;rosidl_typesupport_introspection_c
[0.557s] -- Using all available rosidl_typesupport_cpp: rosidl_typesupport_fastrtps_cpp;rosidl_typesupport_introspection_cpp
[0.589s] -- Found rmw_implementation_cmake: 6.1.2 (/opt/ros/humble/share/rmw_implementation_cmake/cmake)
[0.591s] -- Found rmw_fastrtps_cpp: 6.2.7 (/opt/ros/humble/share/rmw_fastrtps_cpp/cmake)
[0.663s] -- Found OpenSSL: /usr/lib/x86_64-linux-gnu/libcrypto.so (found version "3.0.2")  
[0.684s] -- Found FastRTPS: /opt/ros/humble/include  
[0.714s] -- Using RMW implementation 'rmw_fastrtps_cpp' as default
[0.720s] -- Looking for pthread.h
[0.805s] -- Looking for pthread.h - found
[0.806s] -- Performing Test CMAKE_HAVE_LIBC_PTHREAD
[0.882s] -- Performing Test CMAKE_HAVE_LIBC_PTHREAD - Success
[0.883s] -- Found Threads: TRUE  
[0.920s] -- Found dros_common_interfaces: 0.0.0 (/home/d30031852276/wh134_dev/realsense/dros/dros_common_interfaces/install/dros_common_interfaces/share/dros_common_interfaces/cmake)
[0.958s] -- Found ament_lint_auto: 0.12.12 (/opt/ros/humble/share/ament_lint_auto/cmake)
[1.016s] -- Added test 'cppcheck' to perform static code analysis on C / C++ code
[1.016s] -- Configured cppcheck include dirs: $<BUILD_INTERFACE:/home/d30031852276/wh134_dev/realsense/dros/foundationpose_service/include>
[1.016s] -- Configured cppcheck exclude dirs and/or files: 
[1.018s] -- Added test 'lint_cmake' to check CMake code style
[1.020s] -- Added test 'uncrustify' to check C / C++ code style
[1.021s] -- Configured uncrustify additional arguments: 
[1.021s] -- Added test 'xmllint' to check XML markup files
[1.022s] -- Configuring done
[1.029s] -- Generating done
[1.032s] -- Build files have been written to: /home/d30031852276/wh134_dev/realsense/dros/foundationpose_service/build/foundationpose_service
[1.039s] Invoked command in '/home/d30031852276/wh134_dev/realsense/dros/foundationpose_service/build/foundationpose_service' returned '0': CMAKE_PREFIX_PATH=${CMAKE_PREFIX_PATH}:/opt/ros/humble /usr/bin/cmake /home/d30031852276/wh134_dev/realsense/dros/foundationpose_service -DCMAKE_INSTALL_PREFIX=/home/d30031852276/wh134_dev/realsense/dros/foundationpose_service/install/foundationpose_service
[1.040s] Invoking command in '/home/d30031852276/wh134_dev/realsense/dros/foundationpose_service/build/foundationpose_service': CMAKE_PREFIX_PATH=${CMAKE_PREFIX_PATH}:/opt/ros/humble /usr/bin/cmake --build /home/d30031852276/wh134_dev/realsense/dros/foundationpose_service/build/foundationpose_service -- -j16 -l16
[1.093s] [ 50%] [32mBuilding CXX object CMakeFiles/main.dir/src/main.cpp.o[0m
[6.728s] [100%] [32m[1mLinking CXX executable main[0m
[7.017s] [100%] Built target main
[7.026s] Invoked command in '/home/d30031852276/wh134_dev/realsense/dros/foundationpose_service/build/foundationpose_service' returned '0': CMAKE_PREFIX_PATH=${CMAKE_PREFIX_PATH}:/opt/ros/humble /usr/bin/cmake --build /home/d30031852276/wh134_dev/realsense/dros/foundationpose_service/build/foundationpose_service -- -j16 -l16
[7.039s] Invoking command in '/home/d30031852276/wh134_dev/realsense/dros/foundationpose_service/build/foundationpose_service': CMAKE_PREFIX_PATH=${CMAKE_PREFIX_PATH}:/opt/ros/humble /usr/bin/cmake --install /home/d30031852276/wh134_dev/realsense/dros/foundationpose_service/build/foundationpose_service
[7.048s] -- Install configuration: ""
[7.048s] -- Installing: /home/d30031852276/wh134_dev/realsense/dros/foundationpose_service/install/foundationpose_service/lib/foundationpose_service/main
[7.051s] -- Set runtime path of "/home/d30031852276/wh134_dev/realsense/dros/foundationpose_service/install/foundationpose_service/lib/foundationpose_service/main" to ""
[7.051s] -- Installing: /home/d30031852276/wh134_dev/realsense/dros/foundationpose_service/install/foundationpose_service/share/ament_index/resource_index/package_run_dependencies/foundationpose_service
[7.051s] -- Installing: /home/d30031852276/wh134_dev/realsense/dros/foundationpose_service/install/foundationpose_service/share/ament_index/resource_index/parent_prefix_path/foundationpose_service
[7.051s] -- Installing: /home/d30031852276/wh134_dev/realsense/dros/foundationpose_service/install/foundationpose_service/share/foundationpose_service/environment/ament_prefix_path.sh
[7.051s] -- Installing: /home/d30031852276/wh134_dev/realsense/dros/foundationpose_service/install/foundationpose_service/share/foundationpose_service/environment/ament_prefix_path.dsv
[7.051s] -- Installing: /home/d30031852276/wh134_dev/realsense/dros/foundationpose_service/install/foundationpose_service/share/foundationpose_service/environment/path.sh
[7.051s] -- Installing: /home/d30031852276/wh134_dev/realsense/dros/foundationpose_service/install/foundationpose_service/share/foundationpose_service/environment/path.dsv
[7.051s] -- Installing: /home/d30031852276/wh134_dev/realsense/dros/foundationpose_service/install/foundationpose_service/share/foundationpose_service/local_setup.bash
[7.051s] -- Installing: /home/d30031852276/wh134_dev/realsense/dros/foundationpose_service/install/foundationpose_service/share/foundationpose_service/local_setup.sh
[7.051s] -- Installing: /home/d30031852276/wh134_dev/realsense/dros/foundationpose_service/install/foundationpose_service/share/foundationpose_service/local_setup.zsh
[7.051s] -- Installing: /home/d30031852276/wh134_dev/realsense/dros/foundationpose_service/install/foundationpose_service/share/foundationpose_service/local_setup.dsv
[7.051s] -- Installing: /home/d30031852276/wh134_dev/realsense/dros/foundationpose_service/install/foundationpose_service/share/foundationpose_service/package.dsv
[7.051s] -- Installing: /home/d30031852276/wh134_dev/realsense/dros/foundationpose_service/install/foundationpose_service/share/ament_index/resource_index/packages/foundationpose_service
[7.051s] -- Installing: /home/d30031852276/wh134_dev/realsense/dros/foundationpose_service/install/foundationpose_service/share/foundationpose_service/cmake/foundationpose_serviceConfig.cmake
[7.051s] -- Installing: /home/d30031852276/wh134_dev/realsense/dros/foundationpose_service/install/foundationpose_service/share/foundationpose_service/cmake/foundationpose_serviceConfig-version.cmake
[7.051s] -- Installing: /home/d30031852276/wh134_dev/realsense/dros/foundationpose_service/install/foundationpose_service/share/foundationpose_service/package.xml
[7.053s] Invoked command in '/home/d30031852276/wh134_dev/realsense/dros/foundationpose_service/build/foundationpose_service' returned '0': CMAKE_PREFIX_PATH=${CMAKE_PREFIX_PATH}:/opt/ros/humble /usr/bin/cmake --install /home/d30031852276/wh134_dev/realsense/dros/foundationpose_service/build/foundationpose_service
