[0.006s] Invoking command in '/home/d30031852276/wh134_dev/realsense/dros/dros_common_interfaces/build/dros_common_interfaces': CMAKE_PREFIX_PATH=/opt/ros/humble /usr/bin/cmake /home/d30031852276/wh134_dev/realsense/dros/dros_common_interfaces -DCMAKE_INSTALL_PREFIX=/home/d30031852276/wh134_dev/realsense/dros/dros_common_interfaces/install/dros_common_interfaces
[0.081s] -- The C compiler identification is GNU 11.4.0
[0.159s] -- The CXX compiler identification is GNU 11.4.0
[0.165s] -- Detecting C compiler ABI info
[0.282s] -- Detecting C compiler ABI info - done
[0.290s] -- Check for working C compiler: /usr/bin/cc - skipped
[0.290s] -- Detecting C compile features
[0.291s] -- Detecting C compile features - done
[0.294s] -- Detecting CXX compiler ABI info
[0.395s] -- Detecting CXX compiler ABI info - done
[0.401s] -- Check for working CXX compiler: /usr/bin/c++ - skipped
[0.401s] -- Detecting CXX compile features
[0.402s] -- Detecting CXX compile features - done
[0.403s] -- Found ament_cmake: 1.3.11 (/opt/ros/humble/share/ament_cmake/cmake)
[0.525s] -- Found Python3: /usr/bin/python3 (found version "3.10.12") found components: Interpreter 
[0.587s] -- Found rosidl_default_generators: 1.2.0 (/opt/ros/humble/share/rosidl_default_generators/cmake)
[0.588s] -- Using all available rosidl_typesupport_c: rosidl_typesupport_fastrtps_c;rosidl_typesupport_introspection_c
[0.592s] -- Found rosidl_adapter: 3.1.6 (/opt/ros/humble/share/rosidl_adapter/cmake)
[0.620s] -- Using all available rosidl_typesupport_cpp: rosidl_typesupport_fastrtps_cpp;rosidl_typesupport_introspection_cpp
[0.643s] -- Found builtin_interfaces: 1.2.1 (/opt/ros/humble/share/builtin_interfaces/cmake)
[0.652s] -- Found std_msgs: 4.8.0 (/opt/ros/humble/share/std_msgs/cmake)
[0.662s] -- Found sensor_msgs: 4.8.0 (/opt/ros/humble/share/sensor_msgs/cmake)
[0.938s] -- Found ament_cmake_cppcheck: 0.12.12 (/opt/ros/humble/share/ament_cmake_cppcheck/cmake)
[0.940s] -- Found ament_cmake_cpplint: 0.12.12 (/opt/ros/humble/share/ament_cmake_cpplint/cmake)
[0.942s] -- Found ament_cmake_uncrustify: 0.12.12 (/opt/ros/humble/share/ament_cmake_uncrustify/cmake)
[0.944s] -- Found ament_cmake_ros: 0.10.0 (/opt/ros/humble/share/ament_cmake_ros/cmake)
[1.163s] -- Using all available rosidl_typesupport_c: rosidl_typesupport_fastrtps_c;rosidl_typesupport_introspection_c
[1.443s] -- Using all available rosidl_typesupport_cpp: rosidl_typesupport_fastrtps_cpp;rosidl_typesupport_introspection_cpp
[1.462s] -- Found PythonInterp: /usr/bin/python3 (found suitable version "3.10.12", minimum required is "3.6") 
[1.462s] -- Found python_cmake_module: 0.10.0 (/opt/ros/humble/share/python_cmake_module/cmake)
[1.486s] -- Found PythonLibs: /usr/lib/x86_64-linux-gnu/libpython3.10.so (found suitable version "3.10.12", minimum required is "3.5") 
[1.486s] -- Using PYTHON_EXECUTABLE: /usr/bin/python3
[1.486s] -- Using PYTHON_INCLUDE_DIRS: /usr/include/python3.10
[1.487s] -- Using PYTHON_LIBRARIES: /usr/lib/x86_64-linux-gnu/libpython3.10.so
[1.508s] -- Found PythonExtra: .so  
[1.561s] -- Found ament_cmake_flake8: 0.12.12 (/opt/ros/humble/share/ament_cmake_flake8/cmake)
[1.562s] -- Found ament_cmake_pep257: 0.12.12 (/opt/ros/humble/share/ament_cmake_pep257/cmake)
[1.564s] -- Found ament_lint_auto: 0.12.12 (/opt/ros/humble/share/ament_lint_auto/cmake)
[1.575s] -- Added test 'cppcheck' to perform static code analysis on C / C++ code
[1.575s] -- Configured cppcheck include dirs: $<BUILD_INTERFACE:/home/d30031852276/wh134_dev/realsense/dros/dros_common_interfaces/build/dros_common_interfaces/rosidl_generator_c>;$<BUILD_INTERFACE:/home/d30031852276/wh134_dev/realsense/dros/dros_common_interfaces/build/dros_common_interfaces/rosidl_typesupport_fastrtps_c>;$<BUILD_INTERFACE:/home/d30031852276/wh134_dev/realsense/dros/dros_common_interfaces/build/dros_common_interfaces/rosidl_typesupport_introspection_c>;$<BUILD_INTERFACE:/home/d30031852276/wh134_dev/realsense/dros/dros_common_interfaces/build/dros_common_interfaces/rosidl_generator_cpp>;$<BUILD_INTERFACE:/home/d30031852276/wh134_dev/realsense/dros/dros_common_interfaces/build/dros_common_interfaces/rosidl_typesupport_fastrtps_cpp>;$<BUILD_INTERFACE:/home/d30031852276/wh134_dev/realsense/dros/dros_common_interfaces/build/dros_common_interfaces/rosidl_typesupport_introspection_cpp>;/home/d30031852276/wh134_dev/realsense/dros/dros_common_interfaces/build/dros_common_interfaces/rosidl_generator_c;/home/d30031852276/wh134_dev/realsense/dros/dros_common_interfaces/build/dros_common_interfaces/rosidl_generator_py
[1.576s] -- Configured cppcheck exclude dirs and/or files: 
[1.580s] -- Added test 'cpplint' to check C / C++ code against the Google style
[1.580s] -- Configured cpplint exclude dirs and/or files: 
[1.585s] -- Added test 'uncrustify' to check C / C++ code style
[1.585s] -- Configured uncrustify additional arguments: 
[1.585s] -- Added test 'flake8' to check Python code syntax and style conventions
[1.586s] -- Added test 'pep257' to check Python code against some of the docstring style conventions in PEP 257
[1.587s] -- Added test 'lint_cmake' to check CMake code style
[1.588s] -- Added test 'xmllint' to check XML markup files
[1.590s] -- Configuring done
[1.623s] -- Generating done
[1.633s] -- Build files have been written to: /home/d30031852276/wh134_dev/realsense/dros/dros_common_interfaces/build/dros_common_interfaces
[1.640s] Invoked command in '/home/d30031852276/wh134_dev/realsense/dros/dros_common_interfaces/build/dros_common_interfaces' returned '0': CMAKE_PREFIX_PATH=/opt/ros/humble /usr/bin/cmake /home/d30031852276/wh134_dev/realsense/dros/dros_common_interfaces -DCMAKE_INSTALL_PREFIX=/home/d30031852276/wh134_dev/realsense/dros/dros_common_interfaces/install/dros_common_interfaces
[1.641s] Invoking command in '/home/d30031852276/wh134_dev/realsense/dros/dros_common_interfaces/build/dros_common_interfaces': CMAKE_PREFIX_PATH=/opt/ros/humble /usr/bin/cmake --build /home/d30031852276/wh134_dev/realsense/dros/dros_common_interfaces/build/dros_common_interfaces -- -j16 -l16
[1.690s] [  1%] [34m[1mGenerating C code for ROS interfaces[0m
[1.701s] [  3%] [34m[1mGenerating C++ code for ROS interfaces[0m
[1.707s] [  3%] Built target ament_cmake_python_copy_dros_common_interfaces
[1.869s] running egg_info
[1.869s] creating dros_common_interfaces.egg-info
[1.870s] writing dros_common_interfaces.egg-info/PKG-INFO
[1.870s] writing dependency_links to dros_common_interfaces.egg-info/dependency_links.txt
[1.870s] writing top-level names to dros_common_interfaces.egg-info/top_level.txt
[1.870s] writing manifest file 'dros_common_interfaces.egg-info/SOURCES.txt'
[1.871s] reading manifest file 'dros_common_interfaces.egg-info/SOURCES.txt'
[1.871s] writing manifest file 'dros_common_interfaces.egg-info/SOURCES.txt'
[1.893s] [  3%] Built target ament_cmake_python_build_dros_common_interfaces_egg
[2.075s] [  3%] Built target dros_common_interfaces__cpp
[2.077s] [  4%] [32mBuilding C object CMakeFiles/dros_common_interfaces__rosidl_generator_c.dir/rosidl_generator_c/dros_common_interfaces/msg/detail/imu_info__functions.c.o[0m
[2.077s] [  6%] [32mBuilding C object CMakeFiles/dros_common_interfaces__rosidl_generator_c.dir/rosidl_generator_c/dros_common_interfaces/msg/detail/metadata__functions.c.o[0m
[2.077s] [  7%] [32mBuilding C object CMakeFiles/dros_common_interfaces__rosidl_generator_c.dir/rosidl_generator_c/dros_common_interfaces/msg/detail/rgbd__functions.c.o[0m
[2.079s] [  9%] [32mBuilding C object CMakeFiles/dros_common_interfaces__rosidl_generator_c.dir/rosidl_generator_c/dros_common_interfaces/srv/detail/device_info__functions.c.o[0m
[2.080s] [ 11%] [32mBuilding C object CMakeFiles/dros_common_interfaces__rosidl_generator_c.dir/rosidl_generator_c/dros_common_interfaces/msg/detail/extrinsics__functions.c.o[0m
[2.084s] [ 12%] [34m[1mGenerating C++ type support dispatch for ROS interfaces[0m
[2.085s] [ 14%] [34m[1mGenerating C++ type support for eProsima Fast-RTPS[0m
[2.086s] [ 15%] [34m[1mGenerating C++ introspection for ROS interfaces[0m
[2.125s] [ 17%] [32m[1mLinking C shared library libdros_common_interfaces__rosidl_generator_c.so[0m
[2.155s] [ 17%] Built target dros_common_interfaces__rosidl_generator_c
[2.164s] [ 19%] [34m[1mGenerating C introspection for ROS interfaces[0m
[2.164s] [ 20%] [34m[1mGenerating C type support for eProsima Fast-RTPS[0m
[2.166s] [ 22%] [34m[1mGenerating C type support dispatch for ROS interfaces[0m
[2.362s] [ 23%] [32mBuilding CXX object CMakeFiles/dros_common_interfaces__rosidl_typesupport_cpp.dir/rosidl_typesupport_cpp/dros_common_interfaces/msg/rgbd__type_support.cpp.o[0m
[2.363s] [ 25%] [32mBuilding CXX object CMakeFiles/dros_common_interfaces__rosidl_typesupport_cpp.dir/rosidl_typesupport_cpp/dros_common_interfaces/msg/imu_info__type_support.cpp.o[0m
[2.363s] [ 26%] [32mBuilding CXX object CMakeFiles/dros_common_interfaces__rosidl_typesupport_cpp.dir/rosidl_typesupport_cpp/dros_common_interfaces/msg/extrinsics__type_support.cpp.o[0m
[2.364s] [ 30%] [32mBuilding CXX object CMakeFiles/dros_common_interfaces__rosidl_typesupport_cpp.dir/rosidl_typesupport_cpp/dros_common_interfaces/msg/metadata__type_support.cpp.o[0m
[2.364s] [ 30%] [32mBuilding CXX object CMakeFiles/dros_common_interfaces__rosidl_typesupport_cpp.dir/rosidl_typesupport_cpp/dros_common_interfaces/srv/device_info__type_support.cpp.o[0m
[2.412s] [ 31%] [32mBuilding CXX object CMakeFiles/dros_common_interfaces__rosidl_typesupport_introspection_cpp.dir/rosidl_typesupport_introspection_cpp/dros_common_interfaces/msg/detail/metadata__type_support.cpp.o[0m
[2.412s] [ 34%] [32mBuilding CXX object CMakeFiles/dros_common_interfaces__rosidl_typesupport_introspection_cpp.dir/rosidl_typesupport_introspection_cpp/dros_common_interfaces/msg/detail/extrinsics__type_support.cpp.o[0m
[2.412s] [ 34%] [32mBuilding CXX object CMakeFiles/dros_common_interfaces__rosidl_typesupport_introspection_cpp.dir/rosidl_typesupport_introspection_cpp/dros_common_interfaces/msg/detail/imu_info__type_support.cpp.o[0m
[2.413s] [ 36%] [32mBuilding CXX object CMakeFiles/dros_common_interfaces__rosidl_typesupport_introspection_cpp.dir/rosidl_typesupport_introspection_cpp/dros_common_interfaces/msg/detail/rgbd__type_support.cpp.o[0m
[2.413s] [ 38%] [32mBuilding CXX object CMakeFiles/dros_common_interfaces__rosidl_typesupport_introspection_cpp.dir/rosidl_typesupport_introspection_cpp/dros_common_interfaces/srv/detail/device_info__type_support.cpp.o[0m
[2.452s] [ 39%] [32mBuilding CXX object CMakeFiles/dros_common_interfaces__rosidl_typesupport_fastrtps_cpp.dir/rosidl_typesupport_fastrtps_cpp/dros_common_interfaces/msg/detail/dds_fastrtps/imu_info__type_support.cpp.o[0m
[2.452s] [ 41%] [32mBuilding CXX object CMakeFiles/dros_common_interfaces__rosidl_typesupport_fastrtps_cpp.dir/rosidl_typesupport_fastrtps_cpp/dros_common_interfaces/msg/detail/dds_fastrtps/extrinsics__type_support.cpp.o[0m
[2.453s] [ 42%] [32mBuilding CXX object CMakeFiles/dros_common_interfaces__rosidl_typesupport_fastrtps_cpp.dir/rosidl_typesupport_fastrtps_cpp/dros_common_interfaces/msg/detail/dds_fastrtps/metadata__type_support.cpp.o[0m
[2.461s] [ 44%] [32mBuilding CXX object CMakeFiles/dros_common_interfaces__rosidl_typesupport_c.dir/rosidl_typesupport_c/dros_common_interfaces/msg/imu_info__type_support.cpp.o[0m
[2.503s] [ 46%] [32mBuilding CXX object CMakeFiles/dros_common_interfaces__rosidl_typesupport_c.dir/rosidl_typesupport_c/dros_common_interfaces/msg/extrinsics__type_support.cpp.o[0m
[2.537s] [ 47%] [32mBuilding CXX object CMakeFiles/dros_common_interfaces__rosidl_typesupport_c.dir/rosidl_typesupport_c/dros_common_interfaces/msg/metadata__type_support.cpp.o[0m
[2.547s] [ 49%] [32mBuilding CXX object CMakeFiles/dros_common_interfaces__rosidl_typesupport_fastrtps_c.dir/rosidl_typesupport_fastrtps_c/dros_common_interfaces/msg/detail/imu_info__type_support_c.cpp.o[0m
[2.548s] [ 50%] [32mBuilding CXX object CMakeFiles/dros_common_interfaces__rosidl_typesupport_fastrtps_cpp.dir/rosidl_typesupport_fastrtps_cpp/dros_common_interfaces/msg/detail/dds_fastrtps/rgbd__type_support.cpp.o[0m
[2.548s] [ 52%] [32mBuilding CXX object CMakeFiles/dros_common_interfaces__rosidl_typesupport_c.dir/rosidl_typesupport_c/dros_common_interfaces/msg/rgbd__type_support.cpp.o[0m
[2.548s] [ 53%] [32mBuilding CXX object CMakeFiles/dros_common_interfaces__rosidl_typesupport_c.dir/rosidl_typesupport_c/dros_common_interfaces/srv/device_info__type_support.cpp.o[0m
[2.553s] [ 55%] [32mBuilding CXX object CMakeFiles/dros_common_interfaces__rosidl_typesupport_fastrtps_cpp.dir/rosidl_typesupport_fastrtps_cpp/dros_common_interfaces/srv/detail/dds_fastrtps/device_info__type_support.cpp.o[0m
[2.559s] [ 57%] [32mBuilding CXX object CMakeFiles/dros_common_interfaces__rosidl_typesupport_fastrtps_c.dir/rosidl_typesupport_fastrtps_c/dros_common_interfaces/msg/detail/extrinsics__type_support_c.cpp.o[0m
[2.582s] [ 58%] [32mBuilding C object CMakeFiles/dros_common_interfaces__rosidl_typesupport_introspection_c.dir/rosidl_typesupport_introspection_c/dros_common_interfaces/msg/detail/imu_info__type_support.c.o[0m
[2.587s] [ 60%] [32mBuilding C object CMakeFiles/dros_common_interfaces__rosidl_typesupport_introspection_c.dir/rosidl_typesupport_introspection_c/dros_common_interfaces/msg/detail/extrinsics__type_support.c.o[0m
[2.589s] [ 61%] [32m[1mLinking CXX shared library libdros_common_interfaces__rosidl_typesupport_c.so[0m
[2.635s] [ 63%] [32mBuilding C object CMakeFiles/dros_common_interfaces__rosidl_typesupport_introspection_c.dir/rosidl_typesupport_introspection_c/dros_common_interfaces/msg/detail/metadata__type_support.c.o[0m
[2.638s] [ 65%] [32mBuilding C object CMakeFiles/dros_common_interfaces__rosidl_typesupport_introspection_c.dir/rosidl_typesupport_introspection_c/dros_common_interfaces/msg/detail/rgbd__type_support.c.o[0m
[2.646s] [ 65%] Built target dros_common_interfaces__rosidl_typesupport_c
[2.658s] [ 66%] [32mBuilding C object CMakeFiles/dros_common_interfaces__rosidl_typesupport_introspection_c.dir/rosidl_typesupport_introspection_c/dros_common_interfaces/srv/detail/device_info__type_support.c.o[0m
[2.679s] [ 68%] [32mBuilding CXX object CMakeFiles/dros_common_interfaces__rosidl_typesupport_fastrtps_c.dir/rosidl_typesupport_fastrtps_c/dros_common_interfaces/msg/detail/metadata__type_support_c.cpp.o[0m
[2.684s] [ 69%] [32mBuilding CXX object CMakeFiles/dros_common_interfaces__rosidl_typesupport_fastrtps_c.dir/rosidl_typesupport_fastrtps_c/dros_common_interfaces/msg/detail/rgbd__type_support_c.cpp.o[0m
[2.686s] [ 71%] [32mBuilding CXX object CMakeFiles/dros_common_interfaces__rosidl_typesupport_fastrtps_c.dir/rosidl_typesupport_fastrtps_c/dros_common_interfaces/srv/detail/device_info__type_support_c.cpp.o[0m
[2.707s] [ 73%] [32m[1mLinking C shared library libdros_common_interfaces__rosidl_typesupport_introspection_c.so[0m
[2.729s] [ 74%] [32m[1mLinking CXX shared library libdros_common_interfaces__rosidl_typesupport_cpp.so[0m
[2.746s] [ 74%] Built target dros_common_interfaces__rosidl_typesupport_introspection_c
[2.772s] [ 74%] Built target dros_common_interfaces__rosidl_typesupport_cpp
[2.860s] [ 76%] [32m[1mLinking CXX shared library libdros_common_interfaces__rosidl_typesupport_introspection_cpp.so[0m
[2.894s] [ 77%] [32m[1mLinking CXX shared library libdros_common_interfaces__rosidl_typesupport_fastrtps_cpp.so[0m
[2.921s] [ 77%] Built target dros_common_interfaces__rosidl_typesupport_introspection_cpp
[2.953s] [ 77%] Built target dros_common_interfaces__rosidl_typesupport_fastrtps_cpp
[2.991s] [ 79%] [32m[1mLinking CXX shared library libdros_common_interfaces__rosidl_typesupport_fastrtps_c.so[0m
[3.049s] [ 79%] Built target dros_common_interfaces__rosidl_typesupport_fastrtps_c
[3.070s] [ 79%] Built target dros_common_interfaces
[3.111s] [ 80%] [34m[1mGenerating Python code for ROS interfaces[0m
[3.692s] [ 80%] Built target dros_common_interfaces__py
[3.715s] [ 82%] [32mBuilding C object CMakeFiles/dros_common_interfaces__rosidl_generator_py.dir/rosidl_generator_py/dros_common_interfaces/msg/_extrinsics_s.c.o[0m
[3.716s] [ 84%] [32mBuilding C object CMakeFiles/dros_common_interfaces__rosidl_generator_py.dir/rosidl_generator_py/dros_common_interfaces/msg/_metadata_s.c.o[0m
[3.718s] [ 87%] [32mBuilding C object CMakeFiles/dros_common_interfaces__rosidl_generator_py.dir/rosidl_generator_py/dros_common_interfaces/msg/_imu_info_s.c.o[0m
[3.718s] [ 88%] [32mBuilding C object CMakeFiles/dros_common_interfaces__rosidl_generator_py.dir/rosidl_generator_py/dros_common_interfaces/msg/_rgbd_s.c.o[0m
[3.718s] [ 88%] [32mBuilding C object CMakeFiles/dros_common_interfaces__rosidl_generator_py.dir/rosidl_generator_py/dros_common_interfaces/srv/_device_info_s.c.o[0m
[3.804s] [ 90%] [32m[1mLinking C shared library rosidl_generator_py/dros_common_interfaces/libdros_common_interfaces__rosidl_generator_py.so[0m
[3.856s] [ 90%] Built target dros_common_interfaces__rosidl_generator_py
[3.892s] [ 93%] [32mBuilding C object CMakeFiles/dros_common_interfaces__rosidl_typesupport_fastrtps_c__pyext.dir/rosidl_generator_py/dros_common_interfaces/_dros_common_interfaces_s.ep.rosidl_typesupport_fastrtps_c.c.o[0m
[3.892s] [ 93%] [32mBuilding C object CMakeFiles/dros_common_interfaces__rosidl_typesupport_introspection_c__pyext.dir/rosidl_generator_py/dros_common_interfaces/_dros_common_interfaces_s.ep.rosidl_typesupport_introspection_c.c.o[0m
[3.893s] [ 95%] [32mBuilding C object CMakeFiles/dros_common_interfaces__rosidl_typesupport_c__pyext.dir/rosidl_generator_py/dros_common_interfaces/_dros_common_interfaces_s.ep.rosidl_typesupport_c.c.o[0m
[3.984s] [ 96%] [32m[1mLinking C shared library rosidl_generator_py/dros_common_interfaces/dros_common_interfaces_s__rosidl_typesupport_fastrtps_c.cpython-310-x86_64-linux-gnu.so[0m
[3.985s] [100%] [32m[1mLinking C shared library rosidl_generator_py/dros_common_interfaces/dros_common_interfaces_s__rosidl_typesupport_c.cpython-310-x86_64-linux-gnu.so[0m
[3.985s] [100%] [32m[1mLinking C shared library rosidl_generator_py/dros_common_interfaces/dros_common_interfaces_s__rosidl_typesupport_introspection_c.cpython-310-x86_64-linux-gnu.so[0m
[4.023s] [100%] Built target dros_common_interfaces__rosidl_typesupport_c__pyext
[4.023s] [100%] Built target dros_common_interfaces__rosidl_typesupport_fastrtps_c__pyext
[4.025s] [100%] Built target dros_common_interfaces__rosidl_typesupport_introspection_c__pyext
[4.036s] Invoked command in '/home/d30031852276/wh134_dev/realsense/dros/dros_common_interfaces/build/dros_common_interfaces' returned '0': CMAKE_PREFIX_PATH=/opt/ros/humble /usr/bin/cmake --build /home/d30031852276/wh134_dev/realsense/dros/dros_common_interfaces/build/dros_common_interfaces -- -j16 -l16
[4.047s] Invoking command in '/home/d30031852276/wh134_dev/realsense/dros/dros_common_interfaces/build/dros_common_interfaces': CMAKE_PREFIX_PATH=/opt/ros/humble /usr/bin/cmake --install /home/d30031852276/wh134_dev/realsense/dros/dros_common_interfaces/build/dros_common_interfaces
[4.056s] -- Install configuration: ""
[4.057s] -- Installing: /home/d30031852276/wh134_dev/realsense/dros/dros_common_interfaces/install/dros_common_interfaces/share/ament_index/resource_index/rosidl_interfaces/dros_common_interfaces
[4.057s] -- Installing: /home/d30031852276/wh134_dev/realsense/dros/dros_common_interfaces/install/dros_common_interfaces/include/dros_common_interfaces/dros_common_interfaces
[4.057s] -- Installing: /home/d30031852276/wh134_dev/realsense/dros/dros_common_interfaces/install/dros_common_interfaces/include/dros_common_interfaces/dros_common_interfaces/srv
[4.057s] -- Installing: /home/d30031852276/wh134_dev/realsense/dros/dros_common_interfaces/install/dros_common_interfaces/include/dros_common_interfaces/dros_common_interfaces/srv/device_info.h
[4.057s] -- Installing: /home/d30031852276/wh134_dev/realsense/dros/dros_common_interfaces/install/dros_common_interfaces/include/dros_common_interfaces/dros_common_interfaces/srv/detail
[4.057s] -- Installing: /home/d30031852276/wh134_dev/realsense/dros/dros_common_interfaces/install/dros_common_interfaces/include/dros_common_interfaces/dros_common_interfaces/srv/detail/device_info__functions.h
[4.057s] -- Installing: /home/d30031852276/wh134_dev/realsense/dros/dros_common_interfaces/install/dros_common_interfaces/include/dros_common_interfaces/dros_common_interfaces/srv/detail/device_info__struct.h
[4.057s] -- Installing: /home/d30031852276/wh134_dev/realsense/dros/dros_common_interfaces/install/dros_common_interfaces/include/dros_common_interfaces/dros_common_interfaces/srv/detail/device_info__type_support.h
[4.058s] -- Installing: /home/d30031852276/wh134_dev/realsense/dros/dros_common_interfaces/install/dros_common_interfaces/include/dros_common_interfaces/dros_common_interfaces/srv/detail/device_info__functions.c
[4.058s] -- Installing: /home/d30031852276/wh134_dev/realsense/dros/dros_common_interfaces/install/dros_common_interfaces/include/dros_common_interfaces/dros_common_interfaces/msg
[4.058s] -- Installing: /home/d30031852276/wh134_dev/realsense/dros/dros_common_interfaces/install/dros_common_interfaces/include/dros_common_interfaces/dros_common_interfaces/msg/detail
[4.058s] -- Installing: /home/d30031852276/wh134_dev/realsense/dros/dros_common_interfaces/install/dros_common_interfaces/include/dros_common_interfaces/dros_common_interfaces/msg/detail/rgbd__functions.h
[4.058s] -- Installing: /home/d30031852276/wh134_dev/realsense/dros/dros_common_interfaces/install/dros_common_interfaces/include/dros_common_interfaces/dros_common_interfaces/msg/detail/imu_info__functions.c
[4.058s] -- Installing: /home/d30031852276/wh134_dev/realsense/dros/dros_common_interfaces/install/dros_common_interfaces/include/dros_common_interfaces/dros_common_interfaces/msg/detail/rgbd__struct.h
[4.058s] -- Installing: /home/d30031852276/wh134_dev/realsense/dros/dros_common_interfaces/install/dros_common_interfaces/include/dros_common_interfaces/dros_common_interfaces/msg/detail/rgbd__type_support.h
[4.058s] -- Installing: /home/d30031852276/wh134_dev/realsense/dros/dros_common_interfaces/install/dros_common_interfaces/include/dros_common_interfaces/dros_common_interfaces/msg/detail/extrinsics__functions.h
[4.058s] -- Installing: /home/d30031852276/wh134_dev/realsense/dros/dros_common_interfaces/install/dros_common_interfaces/include/dros_common_interfaces/dros_common_interfaces/msg/detail/metadata__functions.h
[4.058s] -- Installing: /home/d30031852276/wh134_dev/realsense/dros/dros_common_interfaces/install/dros_common_interfaces/include/dros_common_interfaces/dros_common_interfaces/msg/detail/metadata__functions.c
[4.058s] -- Installing: /home/d30031852276/wh134_dev/realsense/dros/dros_common_interfaces/install/dros_common_interfaces/include/dros_common_interfaces/dros_common_interfaces/msg/detail/imu_info__type_support.h
[4.058s] -- Installing: /home/d30031852276/wh134_dev/realsense/dros/dros_common_interfaces/install/dros_common_interfaces/include/dros_common_interfaces/dros_common_interfaces/msg/detail/imu_info__functions.h
[4.058s] -- Installing: /home/d30031852276/wh134_dev/realsense/dros/dros_common_interfaces/install/dros_common_interfaces/include/dros_common_interfaces/dros_common_interfaces/msg/detail/extrinsics__type_support.h
[4.059s] -- Installing: /home/d30031852276/wh134_dev/realsense/dros/dros_common_interfaces/install/dros_common_interfaces/include/dros_common_interfaces/dros_common_interfaces/msg/detail/extrinsics__struct.h
[4.059s] -- Installing: /home/d30031852276/wh134_dev/realsense/dros/dros_common_interfaces/install/dros_common_interfaces/include/dros_common_interfaces/dros_common_interfaces/msg/detail/rgbd__functions.c
[4.059s] -- Installing: /home/d30031852276/wh134_dev/realsense/dros/dros_common_interfaces/install/dros_common_interfaces/include/dros_common_interfaces/dros_common_interfaces/msg/detail/imu_info__struct.h
[4.059s] -- Installing: /home/d30031852276/wh134_dev/realsense/dros/dros_common_interfaces/install/dros_common_interfaces/include/dros_common_interfaces/dros_common_interfaces/msg/detail/extrinsics__functions.c
[4.059s] -- Installing: /home/d30031852276/wh134_dev/realsense/dros/dros_common_interfaces/install/dros_common_interfaces/include/dros_common_interfaces/dros_common_interfaces/msg/detail/metadata__struct.h
[4.059s] -- Installing: /home/d30031852276/wh134_dev/realsense/dros/dros_common_interfaces/install/dros_common_interfaces/include/dros_common_interfaces/dros_common_interfaces/msg/detail/metadata__type_support.h
[4.059s] -- Installing: /home/d30031852276/wh134_dev/realsense/dros/dros_common_interfaces/install/dros_common_interfaces/include/dros_common_interfaces/dros_common_interfaces/msg/rgbd.h
[4.059s] -- Installing: /home/d30031852276/wh134_dev/realsense/dros/dros_common_interfaces/install/dros_common_interfaces/include/dros_common_interfaces/dros_common_interfaces/msg/rosidl_generator_c__visibility_control.h
[4.059s] -- Installing: /home/d30031852276/wh134_dev/realsense/dros/dros_common_interfaces/install/dros_common_interfaces/include/dros_common_interfaces/dros_common_interfaces/msg/extrinsics.h
[4.059s] -- Installing: /home/d30031852276/wh134_dev/realsense/dros/dros_common_interfaces/install/dros_common_interfaces/include/dros_common_interfaces/dros_common_interfaces/msg/metadata.h
[4.059s] -- Installing: /home/d30031852276/wh134_dev/realsense/dros/dros_common_interfaces/install/dros_common_interfaces/include/dros_common_interfaces/dros_common_interfaces/msg/imu_info.h
[4.059s] -- Installing: /home/d30031852276/wh134_dev/realsense/dros/dros_common_interfaces/install/dros_common_interfaces/share/dros_common_interfaces/environment/library_path.sh
[4.059s] -- Installing: /home/d30031852276/wh134_dev/realsense/dros/dros_common_interfaces/install/dros_common_interfaces/share/dros_common_interfaces/environment/library_path.dsv
[4.059s] -- Installing: /home/d30031852276/wh134_dev/realsense/dros/dros_common_interfaces/install/dros_common_interfaces/lib/libdros_common_interfaces__rosidl_generator_c.so
[4.060s] -- Set runtime path of "/home/d30031852276/wh134_dev/realsense/dros/dros_common_interfaces/install/dros_common_interfaces/lib/libdros_common_interfaces__rosidl_generator_c.so" to ""
[4.060s] -- Up-to-date: /home/d30031852276/wh134_dev/realsense/dros/dros_common_interfaces/install/dros_common_interfaces/include/dros_common_interfaces/dros_common_interfaces
[4.060s] -- Up-to-date: /home/d30031852276/wh134_dev/realsense/dros/dros_common_interfaces/install/dros_common_interfaces/include/dros_common_interfaces/dros_common_interfaces/srv
[4.060s] -- Up-to-date: /home/d30031852276/wh134_dev/realsense/dros/dros_common_interfaces/install/dros_common_interfaces/include/dros_common_interfaces/dros_common_interfaces/srv/detail
[4.060s] -- Installing: /home/d30031852276/wh134_dev/realsense/dros/dros_common_interfaces/install/dros_common_interfaces/include/dros_common_interfaces/dros_common_interfaces/srv/detail/device_info__rosidl_typesupport_fastrtps_c.h
[4.060s] -- Up-to-date: /home/d30031852276/wh134_dev/realsense/dros/dros_common_interfaces/install/dros_common_interfaces/include/dros_common_interfaces/dros_common_interfaces/msg
[4.060s] -- Up-to-date: /home/d30031852276/wh134_dev/realsense/dros/dros_common_interfaces/install/dros_common_interfaces/include/dros_common_interfaces/dros_common_interfaces/msg/detail
[4.060s] -- Installing: /home/d30031852276/wh134_dev/realsense/dros/dros_common_interfaces/install/dros_common_interfaces/include/dros_common_interfaces/dros_common_interfaces/msg/detail/rgbd__rosidl_typesupport_fastrtps_c.h
[4.060s] -- Installing: /home/d30031852276/wh134_dev/realsense/dros/dros_common_interfaces/install/dros_common_interfaces/include/dros_common_interfaces/dros_common_interfaces/msg/detail/metadata__rosidl_typesupport_fastrtps_c.h
[4.060s] -- Installing: /home/d30031852276/wh134_dev/realsense/dros/dros_common_interfaces/install/dros_common_interfaces/include/dros_common_interfaces/dros_common_interfaces/msg/detail/imu_info__rosidl_typesupport_fastrtps_c.h
[4.060s] -- Installing: /home/d30031852276/wh134_dev/realsense/dros/dros_common_interfaces/install/dros_common_interfaces/include/dros_common_interfaces/dros_common_interfaces/msg/detail/extrinsics__rosidl_typesupport_fastrtps_c.h
[4.060s] -- Installing: /home/d30031852276/wh134_dev/realsense/dros/dros_common_interfaces/install/dros_common_interfaces/include/dros_common_interfaces/dros_common_interfaces/msg/rosidl_typesupport_fastrtps_c__visibility_control.h
[4.060s] -- Installing: /home/d30031852276/wh134_dev/realsense/dros/dros_common_interfaces/install/dros_common_interfaces/lib/libdros_common_interfaces__rosidl_typesupport_fastrtps_c.so
[4.061s] -- Set runtime path of "/home/d30031852276/wh134_dev/realsense/dros/dros_common_interfaces/install/dros_common_interfaces/lib/libdros_common_interfaces__rosidl_typesupport_fastrtps_c.so" to ""
[4.061s] -- Up-to-date: /home/d30031852276/wh134_dev/realsense/dros/dros_common_interfaces/install/dros_common_interfaces/include/dros_common_interfaces/dros_common_interfaces
[4.061s] -- Up-to-date: /home/d30031852276/wh134_dev/realsense/dros/dros_common_interfaces/install/dros_common_interfaces/include/dros_common_interfaces/dros_common_interfaces/srv
[4.061s] -- Up-to-date: /home/d30031852276/wh134_dev/realsense/dros/dros_common_interfaces/install/dros_common_interfaces/include/dros_common_interfaces/dros_common_interfaces/srv/detail
[4.061s] -- Installing: /home/d30031852276/wh134_dev/realsense/dros/dros_common_interfaces/install/dros_common_interfaces/include/dros_common_interfaces/dros_common_interfaces/srv/detail/device_info__type_support.c
[4.061s] -- Installing: /home/d30031852276/wh134_dev/realsense/dros/dros_common_interfaces/install/dros_common_interfaces/include/dros_common_interfaces/dros_common_interfaces/srv/detail/device_info__rosidl_typesupport_introspection_c.h
[4.061s] -- Up-to-date: /home/d30031852276/wh134_dev/realsense/dros/dros_common_interfaces/install/dros_common_interfaces/include/dros_common_interfaces/dros_common_interfaces/msg
[4.061s] -- Up-to-date: /home/d30031852276/wh134_dev/realsense/dros/dros_common_interfaces/install/dros_common_interfaces/include/dros_common_interfaces/dros_common_interfaces/msg/detail
[4.061s] -- Installing: /home/d30031852276/wh134_dev/realsense/dros/dros_common_interfaces/install/dros_common_interfaces/include/dros_common_interfaces/dros_common_interfaces/msg/detail/imu_info__type_support.c
[4.061s] -- Installing: /home/d30031852276/wh134_dev/realsense/dros/dros_common_interfaces/install/dros_common_interfaces/include/dros_common_interfaces/dros_common_interfaces/msg/detail/extrinsics__type_support.c
[4.061s] -- Installing: /home/d30031852276/wh134_dev/realsense/dros/dros_common_interfaces/install/dros_common_interfaces/include/dros_common_interfaces/dros_common_interfaces/msg/detail/extrinsics__rosidl_typesupport_introspection_c.h
[4.061s] -- Installing: /home/d30031852276/wh134_dev/realsense/dros/dros_common_interfaces/install/dros_common_interfaces/include/dros_common_interfaces/dros_common_interfaces/msg/detail/metadata__rosidl_typesupport_introspection_c.h
[4.061s] -- Installing: /home/d30031852276/wh134_dev/realsense/dros/dros_common_interfaces/install/dros_common_interfaces/include/dros_common_interfaces/dros_common_interfaces/msg/detail/rgbd__type_support.c
[4.061s] -- Installing: /home/d30031852276/wh134_dev/realsense/dros/dros_common_interfaces/install/dros_common_interfaces/include/dros_common_interfaces/dros_common_interfaces/msg/detail/metadata__type_support.c
[4.061s] -- Installing: /home/d30031852276/wh134_dev/realsense/dros/dros_common_interfaces/install/dros_common_interfaces/include/dros_common_interfaces/dros_common_interfaces/msg/detail/rgbd__rosidl_typesupport_introspection_c.h
[4.061s] -- Installing: /home/d30031852276/wh134_dev/realsense/dros/dros_common_interfaces/install/dros_common_interfaces/include/dros_common_interfaces/dros_common_interfaces/msg/detail/imu_info__rosidl_typesupport_introspection_c.h
[4.061s] -- Installing: /home/d30031852276/wh134_dev/realsense/dros/dros_common_interfaces/install/dros_common_interfaces/include/dros_common_interfaces/dros_common_interfaces/msg/rosidl_typesupport_introspection_c__visibility_control.h
[4.062s] -- Installing: /home/d30031852276/wh134_dev/realsense/dros/dros_common_interfaces/install/dros_common_interfaces/lib/libdros_common_interfaces__rosidl_typesupport_introspection_c.so
[4.062s] -- Set runtime path of "/home/d30031852276/wh134_dev/realsense/dros/dros_common_interfaces/install/dros_common_interfaces/lib/libdros_common_interfaces__rosidl_typesupport_introspection_c.so" to ""
[4.062s] -- Installing: /home/d30031852276/wh134_dev/realsense/dros/dros_common_interfaces/install/dros_common_interfaces/lib/libdros_common_interfaces__rosidl_typesupport_c.so
[4.062s] -- Set runtime path of "/home/d30031852276/wh134_dev/realsense/dros/dros_common_interfaces/install/dros_common_interfaces/lib/libdros_common_interfaces__rosidl_typesupport_c.so" to ""
[4.062s] -- Up-to-date: /home/d30031852276/wh134_dev/realsense/dros/dros_common_interfaces/install/dros_common_interfaces/include/dros_common_interfaces/dros_common_interfaces
[4.062s] -- Up-to-date: /home/d30031852276/wh134_dev/realsense/dros/dros_common_interfaces/install/dros_common_interfaces/include/dros_common_interfaces/dros_common_interfaces/srv
[4.062s] -- Up-to-date: /home/d30031852276/wh134_dev/realsense/dros/dros_common_interfaces/install/dros_common_interfaces/include/dros_common_interfaces/dros_common_interfaces/srv/detail
[4.062s] -- Installing: /home/d30031852276/wh134_dev/realsense/dros/dros_common_interfaces/install/dros_common_interfaces/include/dros_common_interfaces/dros_common_interfaces/srv/detail/device_info__struct.hpp
[4.062s] -- Installing: /home/d30031852276/wh134_dev/realsense/dros/dros_common_interfaces/install/dros_common_interfaces/include/dros_common_interfaces/dros_common_interfaces/srv/detail/device_info__builder.hpp
[4.062s] -- Installing: /home/d30031852276/wh134_dev/realsense/dros/dros_common_interfaces/install/dros_common_interfaces/include/dros_common_interfaces/dros_common_interfaces/srv/detail/device_info__type_support.hpp
[4.062s] -- Installing: /home/d30031852276/wh134_dev/realsense/dros/dros_common_interfaces/install/dros_common_interfaces/include/dros_common_interfaces/dros_common_interfaces/srv/detail/device_info__traits.hpp
[4.062s] -- Installing: /home/d30031852276/wh134_dev/realsense/dros/dros_common_interfaces/install/dros_common_interfaces/include/dros_common_interfaces/dros_common_interfaces/srv/device_info.hpp
[4.063s] -- Up-to-date: /home/d30031852276/wh134_dev/realsense/dros/dros_common_interfaces/install/dros_common_interfaces/include/dros_common_interfaces/dros_common_interfaces/msg
[4.063s] -- Installing: /home/d30031852276/wh134_dev/realsense/dros/dros_common_interfaces/install/dros_common_interfaces/include/dros_common_interfaces/dros_common_interfaces/msg/imu_info.hpp
[4.063s] -- Installing: /home/d30031852276/wh134_dev/realsense/dros/dros_common_interfaces/install/dros_common_interfaces/include/dros_common_interfaces/dros_common_interfaces/msg/rosidl_generator_cpp__visibility_control.hpp
[4.063s] -- Installing: /home/d30031852276/wh134_dev/realsense/dros/dros_common_interfaces/install/dros_common_interfaces/include/dros_common_interfaces/dros_common_interfaces/msg/extrinsics.hpp
[4.063s] -- Up-to-date: /home/d30031852276/wh134_dev/realsense/dros/dros_common_interfaces/install/dros_common_interfaces/include/dros_common_interfaces/dros_common_interfaces/msg/detail
[4.063s] -- Installing: /home/d30031852276/wh134_dev/realsense/dros/dros_common_interfaces/install/dros_common_interfaces/include/dros_common_interfaces/dros_common_interfaces/msg/detail/imu_info__struct.hpp
[4.063s] -- Installing: /home/d30031852276/wh134_dev/realsense/dros/dros_common_interfaces/install/dros_common_interfaces/include/dros_common_interfaces/dros_common_interfaces/msg/detail/metadata__builder.hpp
[4.063s] -- Installing: /home/d30031852276/wh134_dev/realsense/dros/dros_common_interfaces/install/dros_common_interfaces/include/dros_common_interfaces/dros_common_interfaces/msg/detail/imu_info__traits.hpp
[4.063s] -- Installing: /home/d30031852276/wh134_dev/realsense/dros/dros_common_interfaces/install/dros_common_interfaces/include/dros_common_interfaces/dros_common_interfaces/msg/detail/imu_info__builder.hpp
[4.063s] -- Installing: /home/d30031852276/wh134_dev/realsense/dros/dros_common_interfaces/install/dros_common_interfaces/include/dros_common_interfaces/dros_common_interfaces/msg/detail/rgbd__struct.hpp
[4.063s] -- Installing: /home/d30031852276/wh134_dev/realsense/dros/dros_common_interfaces/install/dros_common_interfaces/include/dros_common_interfaces/dros_common_interfaces/msg/detail/rgbd__builder.hpp
[4.063s] -- Installing: /home/d30031852276/wh134_dev/realsense/dros/dros_common_interfaces/install/dros_common_interfaces/include/dros_common_interfaces/dros_common_interfaces/msg/detail/extrinsics__traits.hpp
[4.063s] -- Installing: /home/d30031852276/wh134_dev/realsense/dros/dros_common_interfaces/install/dros_common_interfaces/include/dros_common_interfaces/dros_common_interfaces/msg/detail/metadata__traits.hpp
[4.063s] -- Installing: /home/d30031852276/wh134_dev/realsense/dros/dros_common_interfaces/install/dros_common_interfaces/include/dros_common_interfaces/dros_common_interfaces/msg/detail/imu_info__type_support.hpp
[4.063s] -- Installing: /home/d30031852276/wh134_dev/realsense/dros/dros_common_interfaces/install/dros_common_interfaces/include/dros_common_interfaces/dros_common_interfaces/msg/detail/rgbd__type_support.hpp
[4.063s] -- Installing: /home/d30031852276/wh134_dev/realsense/dros/dros_common_interfaces/install/dros_common_interfaces/include/dros_common_interfaces/dros_common_interfaces/msg/detail/metadata__struct.hpp
[4.063s] -- Installing: /home/d30031852276/wh134_dev/realsense/dros/dros_common_interfaces/install/dros_common_interfaces/include/dros_common_interfaces/dros_common_interfaces/msg/detail/extrinsics__struct.hpp
[4.063s] -- Installing: /home/d30031852276/wh134_dev/realsense/dros/dros_common_interfaces/install/dros_common_interfaces/include/dros_common_interfaces/dros_common_interfaces/msg/detail/metadata__type_support.hpp
[4.063s] -- Installing: /home/d30031852276/wh134_dev/realsense/dros/dros_common_interfaces/install/dros_common_interfaces/include/dros_common_interfaces/dros_common_interfaces/msg/detail/extrinsics__builder.hpp
[4.063s] -- Installing: /home/d30031852276/wh134_dev/realsense/dros/dros_common_interfaces/install/dros_common_interfaces/include/dros_common_interfaces/dros_common_interfaces/msg/detail/rgbd__traits.hpp
[4.063s] -- Installing: /home/d30031852276/wh134_dev/realsense/dros/dros_common_interfaces/install/dros_common_interfaces/include/dros_common_interfaces/dros_common_interfaces/msg/detail/extrinsics__type_support.hpp
[4.063s] -- Installing: /home/d30031852276/wh134_dev/realsense/dros/dros_common_interfaces/install/dros_common_interfaces/include/dros_common_interfaces/dros_common_interfaces/msg/metadata.hpp
[4.063s] -- Installing: /home/d30031852276/wh134_dev/realsense/dros/dros_common_interfaces/install/dros_common_interfaces/include/dros_common_interfaces/dros_common_interfaces/msg/rgbd.hpp
[4.064s] -- Up-to-date: /home/d30031852276/wh134_dev/realsense/dros/dros_common_interfaces/install/dros_common_interfaces/include/dros_common_interfaces/dros_common_interfaces
[4.064s] -- Up-to-date: /home/d30031852276/wh134_dev/realsense/dros/dros_common_interfaces/install/dros_common_interfaces/include/dros_common_interfaces/dros_common_interfaces/srv
[4.064s] -- Up-to-date: /home/d30031852276/wh134_dev/realsense/dros/dros_common_interfaces/install/dros_common_interfaces/include/dros_common_interfaces/dros_common_interfaces/srv/detail
[4.064s] -- Installing: /home/d30031852276/wh134_dev/realsense/dros/dros_common_interfaces/install/dros_common_interfaces/include/dros_common_interfaces/dros_common_interfaces/srv/detail/dds_fastrtps
[4.064s] -- Installing: /home/d30031852276/wh134_dev/realsense/dros/dros_common_interfaces/install/dros_common_interfaces/include/dros_common_interfaces/dros_common_interfaces/srv/detail/device_info__rosidl_typesupport_fastrtps_cpp.hpp
[4.064s] -- Up-to-date: /home/d30031852276/wh134_dev/realsense/dros/dros_common_interfaces/install/dros_common_interfaces/include/dros_common_interfaces/dros_common_interfaces/msg
[4.064s] -- Up-to-date: /home/d30031852276/wh134_dev/realsense/dros/dros_common_interfaces/install/dros_common_interfaces/include/dros_common_interfaces/dros_common_interfaces/msg/detail
[4.064s] -- Installing: /home/d30031852276/wh134_dev/realsense/dros/dros_common_interfaces/install/dros_common_interfaces/include/dros_common_interfaces/dros_common_interfaces/msg/detail/dds_fastrtps
[4.064s] -- Installing: /home/d30031852276/wh134_dev/realsense/dros/dros_common_interfaces/install/dros_common_interfaces/include/dros_common_interfaces/dros_common_interfaces/msg/detail/extrinsics__rosidl_typesupport_fastrtps_cpp.hpp
[4.064s] -- Installing: /home/d30031852276/wh134_dev/realsense/dros/dros_common_interfaces/install/dros_common_interfaces/include/dros_common_interfaces/dros_common_interfaces/msg/detail/metadata__rosidl_typesupport_fastrtps_cpp.hpp
[4.064s] -- Installing: /home/d30031852276/wh134_dev/realsense/dros/dros_common_interfaces/install/dros_common_interfaces/include/dros_common_interfaces/dros_common_interfaces/msg/detail/rgbd__rosidl_typesupport_fastrtps_cpp.hpp
[4.064s] -- Installing: /home/d30031852276/wh134_dev/realsense/dros/dros_common_interfaces/install/dros_common_interfaces/include/dros_common_interfaces/dros_common_interfaces/msg/detail/imu_info__rosidl_typesupport_fastrtps_cpp.hpp
[4.064s] -- Installing: /home/d30031852276/wh134_dev/realsense/dros/dros_common_interfaces/install/dros_common_interfaces/include/dros_common_interfaces/dros_common_interfaces/msg/rosidl_typesupport_fastrtps_cpp__visibility_control.h
[4.064s] -- Installing: /home/d30031852276/wh134_dev/realsense/dros/dros_common_interfaces/install/dros_common_interfaces/lib/libdros_common_interfaces__rosidl_typesupport_fastrtps_cpp.so
[4.064s] -- Set runtime path of "/home/d30031852276/wh134_dev/realsense/dros/dros_common_interfaces/install/dros_common_interfaces/lib/libdros_common_interfaces__rosidl_typesupport_fastrtps_cpp.so" to ""
[4.064s] -- Up-to-date: /home/d30031852276/wh134_dev/realsense/dros/dros_common_interfaces/install/dros_common_interfaces/include/dros_common_interfaces/dros_common_interfaces
[4.064s] -- Up-to-date: /home/d30031852276/wh134_dev/realsense/dros/dros_common_interfaces/install/dros_common_interfaces/include/dros_common_interfaces/dros_common_interfaces/srv
[4.064s] -- Up-to-date: /home/d30031852276/wh134_dev/realsense/dros/dros_common_interfaces/install/dros_common_interfaces/include/dros_common_interfaces/dros_common_interfaces/srv/detail
[4.064s] -- Installing: /home/d30031852276/wh134_dev/realsense/dros/dros_common_interfaces/install/dros_common_interfaces/include/dros_common_interfaces/dros_common_interfaces/srv/detail/device_info__rosidl_typesupport_introspection_cpp.hpp
[4.064s] -- Installing: /home/d30031852276/wh134_dev/realsense/dros/dros_common_interfaces/install/dros_common_interfaces/include/dros_common_interfaces/dros_common_interfaces/srv/detail/device_info__type_support.cpp
[4.064s] -- Up-to-date: /home/d30031852276/wh134_dev/realsense/dros/dros_common_interfaces/install/dros_common_interfaces/include/dros_common_interfaces/dros_common_interfaces/msg
[4.064s] -- Up-to-date: /home/d30031852276/wh134_dev/realsense/dros/dros_common_interfaces/install/dros_common_interfaces/include/dros_common_interfaces/dros_common_interfaces/msg/detail
[4.065s] -- Installing: /home/d30031852276/wh134_dev/realsense/dros/dros_common_interfaces/install/dros_common_interfaces/include/dros_common_interfaces/dros_common_interfaces/msg/detail/rgbd__type_support.cpp
[4.065s] -- Installing: /home/d30031852276/wh134_dev/realsense/dros/dros_common_interfaces/install/dros_common_interfaces/include/dros_common_interfaces/dros_common_interfaces/msg/detail/rgbd__rosidl_typesupport_introspection_cpp.hpp
[4.065s] -- Installing: /home/d30031852276/wh134_dev/realsense/dros/dros_common_interfaces/install/dros_common_interfaces/include/dros_common_interfaces/dros_common_interfaces/msg/detail/imu_info__rosidl_typesupport_introspection_cpp.hpp
[4.065s] -- Installing: /home/d30031852276/wh134_dev/realsense/dros/dros_common_interfaces/install/dros_common_interfaces/include/dros_common_interfaces/dros_common_interfaces/msg/detail/metadata__type_support.cpp
[4.065s] -- Installing: /home/d30031852276/wh134_dev/realsense/dros/dros_common_interfaces/install/dros_common_interfaces/include/dros_common_interfaces/dros_common_interfaces/msg/detail/extrinsics__rosidl_typesupport_introspection_cpp.hpp
[4.065s] -- Installing: /home/d30031852276/wh134_dev/realsense/dros/dros_common_interfaces/install/dros_common_interfaces/include/dros_common_interfaces/dros_common_interfaces/msg/detail/extrinsics__type_support.cpp
[4.065s] -- Installing: /home/d30031852276/wh134_dev/realsense/dros/dros_common_interfaces/install/dros_common_interfaces/include/dros_common_interfaces/dros_common_interfaces/msg/detail/metadata__rosidl_typesupport_introspection_cpp.hpp
[4.065s] -- Installing: /home/d30031852276/wh134_dev/realsense/dros/dros_common_interfaces/install/dros_common_interfaces/include/dros_common_interfaces/dros_common_interfaces/msg/detail/imu_info__type_support.cpp
[4.065s] -- Installing: /home/d30031852276/wh134_dev/realsense/dros/dros_common_interfaces/install/dros_common_interfaces/lib/libdros_common_interfaces__rosidl_typesupport_introspection_cpp.so
[4.065s] -- Set runtime path of "/home/d30031852276/wh134_dev/realsense/dros/dros_common_interfaces/install/dros_common_interfaces/lib/libdros_common_interfaces__rosidl_typesupport_introspection_cpp.so" to ""
[4.065s] -- Installing: /home/d30031852276/wh134_dev/realsense/dros/dros_common_interfaces/install/dros_common_interfaces/lib/libdros_common_interfaces__rosidl_typesupport_cpp.so
[4.065s] -- Set runtime path of "/home/d30031852276/wh134_dev/realsense/dros/dros_common_interfaces/install/dros_common_interfaces/lib/libdros_common_interfaces__rosidl_typesupport_cpp.so" to ""
[4.065s] -- Installing: /home/d30031852276/wh134_dev/realsense/dros/dros_common_interfaces/install/dros_common_interfaces/share/dros_common_interfaces/environment/pythonpath.sh
[4.065s] -- Installing: /home/d30031852276/wh134_dev/realsense/dros/dros_common_interfaces/install/dros_common_interfaces/share/dros_common_interfaces/environment/pythonpath.dsv
[4.065s] -- Installing: /home/d30031852276/wh134_dev/realsense/dros/dros_common_interfaces/install/dros_common_interfaces/local/lib/python3.10/dist-packages/dros_common_interfaces-0.0.0-py3.10.egg-info
[4.065s] -- Installing: /home/d30031852276/wh134_dev/realsense/dros/dros_common_interfaces/install/dros_common_interfaces/local/lib/python3.10/dist-packages/dros_common_interfaces-0.0.0-py3.10.egg-info/SOURCES.txt
[4.065s] -- Installing: /home/d30031852276/wh134_dev/realsense/dros/dros_common_interfaces/install/dros_common_interfaces/local/lib/python3.10/dist-packages/dros_common_interfaces-0.0.0-py3.10.egg-info/PKG-INFO
[4.066s] -- Installing: /home/d30031852276/wh134_dev/realsense/dros/dros_common_interfaces/install/dros_common_interfaces/local/lib/python3.10/dist-packages/dros_common_interfaces-0.0.0-py3.10.egg-info/top_level.txt
[4.066s] -- Installing: /home/d30031852276/wh134_dev/realsense/dros/dros_common_interfaces/install/dros_common_interfaces/local/lib/python3.10/dist-packages/dros_common_interfaces-0.0.0-py3.10.egg-info/dependency_links.txt
[4.066s] -- Installing: /home/d30031852276/wh134_dev/realsense/dros/dros_common_interfaces/install/dros_common_interfaces/local/lib/python3.10/dist-packages/dros_common_interfaces
[4.066s] -- Installing: /home/d30031852276/wh134_dev/realsense/dros/dros_common_interfaces/install/dros_common_interfaces/local/lib/python3.10/dist-packages/dros_common_interfaces/dros_common_interfaces_s__rosidl_typesupport_introspection_c.cpython-310-x86_64-linux-gnu.so
[4.066s] -- Installing: /home/d30031852276/wh134_dev/realsense/dros/dros_common_interfaces/install/dros_common_interfaces/local/lib/python3.10/dist-packages/dros_common_interfaces/__init__.py
[4.066s] -- Installing: /home/d30031852276/wh134_dev/realsense/dros/dros_common_interfaces/install/dros_common_interfaces/local/lib/python3.10/dist-packages/dros_common_interfaces/_dros_common_interfaces_s.ep.rosidl_typesupport_c.c
[4.066s] -- Installing: /home/d30031852276/wh134_dev/realsense/dros/dros_common_interfaces/install/dros_common_interfaces/local/lib/python3.10/dist-packages/dros_common_interfaces/dros_common_interfaces_s__rosidl_typesupport_c.cpython-310-x86_64-linux-gnu.so
[4.066s] -- Installing: /home/d30031852276/wh134_dev/realsense/dros/dros_common_interfaces/install/dros_common_interfaces/local/lib/python3.10/dist-packages/dros_common_interfaces/dros_common_interfaces_s__rosidl_typesupport_fastrtps_c.cpython-310-x86_64-linux-gnu.so
[4.066s] -- Installing: /home/d30031852276/wh134_dev/realsense/dros/dros_common_interfaces/install/dros_common_interfaces/local/lib/python3.10/dist-packages/dros_common_interfaces/_dros_common_interfaces_s.ep.rosidl_typesupport_introspection_c.c
[4.066s] -- Installing: /home/d30031852276/wh134_dev/realsense/dros/dros_common_interfaces/install/dros_common_interfaces/local/lib/python3.10/dist-packages/dros_common_interfaces/srv
[4.066s] -- Installing: /home/d30031852276/wh134_dev/realsense/dros/dros_common_interfaces/install/dros_common_interfaces/local/lib/python3.10/dist-packages/dros_common_interfaces/srv/__init__.py
[4.066s] -- Installing: /home/d30031852276/wh134_dev/realsense/dros/dros_common_interfaces/install/dros_common_interfaces/local/lib/python3.10/dist-packages/dros_common_interfaces/srv/_device_info_s.c
[4.066s] -- Installing: /home/d30031852276/wh134_dev/realsense/dros/dros_common_interfaces/install/dros_common_interfaces/local/lib/python3.10/dist-packages/dros_common_interfaces/srv/_device_info.py
[4.066s] -- Installing: /home/d30031852276/wh134_dev/realsense/dros/dros_common_interfaces/install/dros_common_interfaces/local/lib/python3.10/dist-packages/dros_common_interfaces/libdros_common_interfaces__rosidl_generator_py.so
[4.066s] -- Installing: /home/d30031852276/wh134_dev/realsense/dros/dros_common_interfaces/install/dros_common_interfaces/local/lib/python3.10/dist-packages/dros_common_interfaces/_dros_common_interfaces_s.ep.rosidl_typesupport_fastrtps_c.c
[4.066s] -- Installing: /home/d30031852276/wh134_dev/realsense/dros/dros_common_interfaces/install/dros_common_interfaces/local/lib/python3.10/dist-packages/dros_common_interfaces/msg
[4.066s] -- Installing: /home/d30031852276/wh134_dev/realsense/dros/dros_common_interfaces/install/dros_common_interfaces/local/lib/python3.10/dist-packages/dros_common_interfaces/msg/_extrinsics_s.c
[4.066s] -- Installing: /home/d30031852276/wh134_dev/realsense/dros/dros_common_interfaces/install/dros_common_interfaces/local/lib/python3.10/dist-packages/dros_common_interfaces/msg/__init__.py
[4.067s] -- Installing: /home/d30031852276/wh134_dev/realsense/dros/dros_common_interfaces/install/dros_common_interfaces/local/lib/python3.10/dist-packages/dros_common_interfaces/msg/_rgbd.py
[4.067s] -- Installing: /home/d30031852276/wh134_dev/realsense/dros/dros_common_interfaces/install/dros_common_interfaces/local/lib/python3.10/dist-packages/dros_common_interfaces/msg/_metadata.py
[4.067s] -- Installing: /home/d30031852276/wh134_dev/realsense/dros/dros_common_interfaces/install/dros_common_interfaces/local/lib/python3.10/dist-packages/dros_common_interfaces/msg/_imu_info.py
[4.067s] -- Installing: /home/d30031852276/wh134_dev/realsense/dros/dros_common_interfaces/install/dros_common_interfaces/local/lib/python3.10/dist-packages/dros_common_interfaces/msg/_rgbd_s.c
[4.067s] -- Installing: /home/d30031852276/wh134_dev/realsense/dros/dros_common_interfaces/install/dros_common_interfaces/local/lib/python3.10/dist-packages/dros_common_interfaces/msg/_imu_info_s.c
[4.067s] -- Installing: /home/d30031852276/wh134_dev/realsense/dros/dros_common_interfaces/install/dros_common_interfaces/local/lib/python3.10/dist-packages/dros_common_interfaces/msg/_metadata_s.c
[4.067s] -- Installing: /home/d30031852276/wh134_dev/realsense/dros/dros_common_interfaces/install/dros_common_interfaces/local/lib/python3.10/dist-packages/dros_common_interfaces/msg/_extrinsics.py
[4.098s] Listing '/home/d30031852276/wh134_dev/realsense/dros/dros_common_interfaces/install/dros_common_interfaces/local/lib/python3.10/dist-packages/dros_common_interfaces'...
[4.098s] Compiling '/home/d30031852276/wh134_dev/realsense/dros/dros_common_interfaces/install/dros_common_interfaces/local/lib/python3.10/dist-packages/dros_common_interfaces/__init__.py'...
[4.098s] Listing '/home/d30031852276/wh134_dev/realsense/dros/dros_common_interfaces/install/dros_common_interfaces/local/lib/python3.10/dist-packages/dros_common_interfaces/msg'...
[4.098s] Compiling '/home/d30031852276/wh134_dev/realsense/dros/dros_common_interfaces/install/dros_common_interfaces/local/lib/python3.10/dist-packages/dros_common_interfaces/msg/__init__.py'...
[4.098s] Compiling '/home/d30031852276/wh134_dev/realsense/dros/dros_common_interfaces/install/dros_common_interfaces/local/lib/python3.10/dist-packages/dros_common_interfaces/msg/_extrinsics.py'...
[4.098s] Compiling '/home/d30031852276/wh134_dev/realsense/dros/dros_common_interfaces/install/dros_common_interfaces/local/lib/python3.10/dist-packages/dros_common_interfaces/msg/_imu_info.py'...
[4.098s] Compiling '/home/d30031852276/wh134_dev/realsense/dros/dros_common_interfaces/install/dros_common_interfaces/local/lib/python3.10/dist-packages/dros_common_interfaces/msg/_metadata.py'...
[4.098s] Compiling '/home/d30031852276/wh134_dev/realsense/dros/dros_common_interfaces/install/dros_common_interfaces/local/lib/python3.10/dist-packages/dros_common_interfaces/msg/_rgbd.py'...
[4.098s] Listing '/home/d30031852276/wh134_dev/realsense/dros/dros_common_interfaces/install/dros_common_interfaces/local/lib/python3.10/dist-packages/dros_common_interfaces/srv'...
[4.098s] Compiling '/home/d30031852276/wh134_dev/realsense/dros/dros_common_interfaces/install/dros_common_interfaces/local/lib/python3.10/dist-packages/dros_common_interfaces/srv/__init__.py'...
[4.098s] Compiling '/home/d30031852276/wh134_dev/realsense/dros/dros_common_interfaces/install/dros_common_interfaces/local/lib/python3.10/dist-packages/dros_common_interfaces/srv/_device_info.py'...
[4.102s] -- Installing: /home/d30031852276/wh134_dev/realsense/dros/dros_common_interfaces/install/dros_common_interfaces/local/lib/python3.10/dist-packages/dros_common_interfaces/dros_common_interfaces_s__rosidl_typesupport_fastrtps_c.cpython-310-x86_64-linux-gnu.so
[4.102s] -- Set runtime path of "/home/d30031852276/wh134_dev/realsense/dros/dros_common_interfaces/install/dros_common_interfaces/local/lib/python3.10/dist-packages/dros_common_interfaces/dros_common_interfaces_s__rosidl_typesupport_fastrtps_c.cpython-310-x86_64-linux-gnu.so" to ""
[4.102s] -- Installing: /home/d30031852276/wh134_dev/realsense/dros/dros_common_interfaces/install/dros_common_interfaces/local/lib/python3.10/dist-packages/dros_common_interfaces/dros_common_interfaces_s__rosidl_typesupport_introspection_c.cpython-310-x86_64-linux-gnu.so
[4.102s] -- Set runtime path of "/home/d30031852276/wh134_dev/realsense/dros/dros_common_interfaces/install/dros_common_interfaces/local/lib/python3.10/dist-packages/dros_common_interfaces/dros_common_interfaces_s__rosidl_typesupport_introspection_c.cpython-310-x86_64-linux-gnu.so" to ""
[4.102s] -- Installing: /home/d30031852276/wh134_dev/realsense/dros/dros_common_interfaces/install/dros_common_interfaces/local/lib/python3.10/dist-packages/dros_common_interfaces/dros_common_interfaces_s__rosidl_typesupport_c.cpython-310-x86_64-linux-gnu.so
[4.102s] -- Set runtime path of "/home/d30031852276/wh134_dev/realsense/dros/dros_common_interfaces/install/dros_common_interfaces/local/lib/python3.10/dist-packages/dros_common_interfaces/dros_common_interfaces_s__rosidl_typesupport_c.cpython-310-x86_64-linux-gnu.so" to ""
[4.102s] -- Installing: /home/d30031852276/wh134_dev/realsense/dros/dros_common_interfaces/install/dros_common_interfaces/lib/libdros_common_interfaces__rosidl_generator_py.so
[4.102s] -- Set runtime path of "/home/d30031852276/wh134_dev/realsense/dros/dros_common_interfaces/install/dros_common_interfaces/lib/libdros_common_interfaces__rosidl_generator_py.so" to ""
[4.102s] -- Installing: /home/d30031852276/wh134_dev/realsense/dros/dros_common_interfaces/install/dros_common_interfaces/share/dros_common_interfaces/msg/IMUInfo.idl
[4.103s] -- Installing: /home/d30031852276/wh134_dev/realsense/dros/dros_common_interfaces/install/dros_common_interfaces/share/dros_common_interfaces/msg/Extrinsics.idl
[4.103s] -- Installing: /home/d30031852276/wh134_dev/realsense/dros/dros_common_interfaces/install/dros_common_interfaces/share/dros_common_interfaces/msg/Metadata.idl
[4.103s] -- Installing: /home/d30031852276/wh134_dev/realsense/dros/dros_common_interfaces/install/dros_common_interfaces/share/dros_common_interfaces/msg/RGBD.idl
[4.103s] -- Installing: /home/d30031852276/wh134_dev/realsense/dros/dros_common_interfaces/install/dros_common_interfaces/share/dros_common_interfaces/srv/DeviceInfo.idl
[4.103s] -- Installing: /home/d30031852276/wh134_dev/realsense/dros/dros_common_interfaces/install/dros_common_interfaces/share/dros_common_interfaces/realsense/IMUInfo.msg
[4.103s] -- Installing: /home/d30031852276/wh134_dev/realsense/dros/dros_common_interfaces/install/dros_common_interfaces/share/dros_common_interfaces/realsense/Extrinsics.msg
[4.103s] -- Installing: /home/d30031852276/wh134_dev/realsense/dros/dros_common_interfaces/install/dros_common_interfaces/share/dros_common_interfaces/realsense/Metadata.msg
[4.103s] -- Installing: /home/d30031852276/wh134_dev/realsense/dros/dros_common_interfaces/install/dros_common_interfaces/share/dros_common_interfaces/realsense/RGBD.msg
[4.103s] -- Installing: /home/d30031852276/wh134_dev/realsense/dros/dros_common_interfaces/install/dros_common_interfaces/share/dros_common_interfaces/realsense/DeviceInfo.srv
[4.103s] -- Installing: /home/d30031852276/wh134_dev/realsense/dros/dros_common_interfaces/install/dros_common_interfaces/share/dros_common_interfaces/realsense/DeviceInfo_Request.msg
[4.103s] -- Installing: /home/d30031852276/wh134_dev/realsense/dros/dros_common_interfaces/install/dros_common_interfaces/share/dros_common_interfaces/realsense/DeviceInfo_Response.msg
[4.103s] -- Installing: /home/d30031852276/wh134_dev/realsense/dros/dros_common_interfaces/install/dros_common_interfaces/share/ament_index/resource_index/package_run_dependencies/dros_common_interfaces
[4.103s] -- Installing: /home/d30031852276/wh134_dev/realsense/dros/dros_common_interfaces/install/dros_common_interfaces/share/ament_index/resource_index/parent_prefix_path/dros_common_interfaces
[4.103s] -- Installing: /home/d30031852276/wh134_dev/realsense/dros/dros_common_interfaces/install/dros_common_interfaces/share/dros_common_interfaces/environment/ament_prefix_path.sh
[4.103s] -- Installing: /home/d30031852276/wh134_dev/realsense/dros/dros_common_interfaces/install/dros_common_interfaces/share/dros_common_interfaces/environment/ament_prefix_path.dsv
[4.103s] -- Installing: /home/d30031852276/wh134_dev/realsense/dros/dros_common_interfaces/install/dros_common_interfaces/share/dros_common_interfaces/environment/path.sh
[4.103s] -- Installing: /home/d30031852276/wh134_dev/realsense/dros/dros_common_interfaces/install/dros_common_interfaces/share/dros_common_interfaces/environment/path.dsv
[4.103s] -- Installing: /home/d30031852276/wh134_dev/realsense/dros/dros_common_interfaces/install/dros_common_interfaces/share/dros_common_interfaces/local_setup.bash
[4.103s] -- Installing: /home/d30031852276/wh134_dev/realsense/dros/dros_common_interfaces/install/dros_common_interfaces/share/dros_common_interfaces/local_setup.sh
[4.104s] -- Installing: /home/d30031852276/wh134_dev/realsense/dros/dros_common_interfaces/install/dros_common_interfaces/share/dros_common_interfaces/local_setup.zsh
[4.104s] -- Installing: /home/d30031852276/wh134_dev/realsense/dros/dros_common_interfaces/install/dros_common_interfaces/share/dros_common_interfaces/local_setup.dsv
[4.104s] -- Installing: /home/d30031852276/wh134_dev/realsense/dros/dros_common_interfaces/install/dros_common_interfaces/share/dros_common_interfaces/package.dsv
[4.104s] -- Installing: /home/d30031852276/wh134_dev/realsense/dros/dros_common_interfaces/install/dros_common_interfaces/share/ament_index/resource_index/packages/dros_common_interfaces
[4.104s] -- Installing: /home/d30031852276/wh134_dev/realsense/dros/dros_common_interfaces/install/dros_common_interfaces/share/dros_common_interfaces/cmake/export_dros_common_interfaces__rosidl_generator_cExport.cmake
[4.104s] -- Installing: /home/d30031852276/wh134_dev/realsense/dros/dros_common_interfaces/install/dros_common_interfaces/share/dros_common_interfaces/cmake/export_dros_common_interfaces__rosidl_generator_cExport-noconfig.cmake
[4.104s] -- Installing: /home/d30031852276/wh134_dev/realsense/dros/dros_common_interfaces/install/dros_common_interfaces/share/dros_common_interfaces/cmake/export_dros_common_interfaces__rosidl_typesupport_fastrtps_cExport.cmake
[4.104s] -- Installing: /home/d30031852276/wh134_dev/realsense/dros/dros_common_interfaces/install/dros_common_interfaces/share/dros_common_interfaces/cmake/export_dros_common_interfaces__rosidl_typesupport_fastrtps_cExport-noconfig.cmake
[4.104s] -- Installing: /home/d30031852276/wh134_dev/realsense/dros/dros_common_interfaces/install/dros_common_interfaces/share/dros_common_interfaces/cmake/dros_common_interfaces__rosidl_typesupport_introspection_cExport.cmake
[4.104s] -- Installing: /home/d30031852276/wh134_dev/realsense/dros/dros_common_interfaces/install/dros_common_interfaces/share/dros_common_interfaces/cmake/dros_common_interfaces__rosidl_typesupport_introspection_cExport-noconfig.cmake
[4.104s] -- Installing: /home/d30031852276/wh134_dev/realsense/dros/dros_common_interfaces/install/dros_common_interfaces/share/dros_common_interfaces/cmake/dros_common_interfaces__rosidl_typesupport_cExport.cmake
[4.104s] -- Installing: /home/d30031852276/wh134_dev/realsense/dros/dros_common_interfaces/install/dros_common_interfaces/share/dros_common_interfaces/cmake/dros_common_interfaces__rosidl_typesupport_cExport-noconfig.cmake
[4.104s] -- Installing: /home/d30031852276/wh134_dev/realsense/dros/dros_common_interfaces/install/dros_common_interfaces/share/dros_common_interfaces/cmake/export_dros_common_interfaces__rosidl_generator_cppExport.cmake
[4.104s] -- Installing: /home/d30031852276/wh134_dev/realsense/dros/dros_common_interfaces/install/dros_common_interfaces/share/dros_common_interfaces/cmake/export_dros_common_interfaces__rosidl_typesupport_fastrtps_cppExport.cmake
[4.105s] -- Installing: /home/d30031852276/wh134_dev/realsense/dros/dros_common_interfaces/install/dros_common_interfaces/share/dros_common_interfaces/cmake/export_dros_common_interfaces__rosidl_typesupport_fastrtps_cppExport-noconfig.cmake
[4.105s] -- Installing: /home/d30031852276/wh134_dev/realsense/dros/dros_common_interfaces/install/dros_common_interfaces/share/dros_common_interfaces/cmake/dros_common_interfaces__rosidl_typesupport_introspection_cppExport.cmake
[4.105s] -- Installing: /home/d30031852276/wh134_dev/realsense/dros/dros_common_interfaces/install/dros_common_interfaces/share/dros_common_interfaces/cmake/dros_common_interfaces__rosidl_typesupport_introspection_cppExport-noconfig.cmake
[4.105s] -- Installing: /home/d30031852276/wh134_dev/realsense/dros/dros_common_interfaces/install/dros_common_interfaces/share/dros_common_interfaces/cmake/dros_common_interfaces__rosidl_typesupport_cppExport.cmake
[4.105s] -- Installing: /home/d30031852276/wh134_dev/realsense/dros/dros_common_interfaces/install/dros_common_interfaces/share/dros_common_interfaces/cmake/dros_common_interfaces__rosidl_typesupport_cppExport-noconfig.cmake
[4.105s] -- Installing: /home/d30031852276/wh134_dev/realsense/dros/dros_common_interfaces/install/dros_common_interfaces/share/dros_common_interfaces/cmake/export_dros_common_interfaces__rosidl_generator_pyExport.cmake
[4.105s] -- Installing: /home/d30031852276/wh134_dev/realsense/dros/dros_common_interfaces/install/dros_common_interfaces/share/dros_common_interfaces/cmake/export_dros_common_interfaces__rosidl_generator_pyExport-noconfig.cmake
[4.105s] -- Installing: /home/d30031852276/wh134_dev/realsense/dros/dros_common_interfaces/install/dros_common_interfaces/share/dros_common_interfaces/cmake/rosidl_cmake-extras.cmake
[4.105s] -- Installing: /home/d30031852276/wh134_dev/realsense/dros/dros_common_interfaces/install/dros_common_interfaces/share/dros_common_interfaces/cmake/ament_cmake_export_dependencies-extras.cmake
[4.105s] -- Installing: /home/d30031852276/wh134_dev/realsense/dros/dros_common_interfaces/install/dros_common_interfaces/share/dros_common_interfaces/cmake/ament_cmake_export_include_directories-extras.cmake
[4.105s] -- Installing: /home/d30031852276/wh134_dev/realsense/dros/dros_common_interfaces/install/dros_common_interfaces/share/dros_common_interfaces/cmake/ament_cmake_export_libraries-extras.cmake
[4.105s] -- Installing: /home/d30031852276/wh134_dev/realsense/dros/dros_common_interfaces/install/dros_common_interfaces/share/dros_common_interfaces/cmake/ament_cmake_export_targets-extras.cmake
[4.105s] -- Installing: /home/d30031852276/wh134_dev/realsense/dros/dros_common_interfaces/install/dros_common_interfaces/share/dros_common_interfaces/cmake/rosidl_cmake_export_typesupport_targets-extras.cmake
[4.105s] -- Installing: /home/d30031852276/wh134_dev/realsense/dros/dros_common_interfaces/install/dros_common_interfaces/share/dros_common_interfaces/cmake/rosidl_cmake_export_typesupport_libraries-extras.cmake
[4.105s] -- Installing: /home/d30031852276/wh134_dev/realsense/dros/dros_common_interfaces/install/dros_common_interfaces/share/dros_common_interfaces/cmake/dros_common_interfacesConfig.cmake
[4.106s] -- Installing: /home/d30031852276/wh134_dev/realsense/dros/dros_common_interfaces/install/dros_common_interfaces/share/dros_common_interfaces/cmake/dros_common_interfacesConfig-version.cmake
[4.106s] -- Installing: /home/d30031852276/wh134_dev/realsense/dros/dros_common_interfaces/install/dros_common_interfaces/share/dros_common_interfaces/package.xml
[4.108s] Invoked command in '/home/d30031852276/wh134_dev/realsense/dros/dros_common_interfaces/build/dros_common_interfaces' returned '0': CMAKE_PREFIX_PATH=/opt/ros/humble /usr/bin/cmake --install /home/d30031852276/wh134_dev/realsense/dros/dros_common_interfaces/build/dros_common_interfaces
